# JRE version: OpenJDK Runtime Environment (8.0_76-b03) (build 1.8.0_76-release-b03)
# Java VM: OpenJDK 64-Bit Server VM (25.76-b03 mixed mode linux-amd64 compressed oops)
Heap:
 PSYoungGen      total 349696K, used 0K [0x00000000e0000000, 0x0000000100000000, 0x0000000100000000)
  eden space 175104K, 0% used [0x00000000e0000000,0x00000000e0000000,0x00000000eab00000)
  from space 174592K, 0% used [0x00000000f5580000,0x00000000f5580000,0x0000000100000000)
  to   space 174592K, 0% used [0x00000000eab00000,0x00000000eab00000,0x00000000f5580000)
 ParOldGen       total 843776K, used 829848K [0x00000000a0000000, 0x00000000d3800000, 0x00000000e0000000)
  object space 843776K, 98% used [0x00000000a0000000,0x00000000d2a66110,0x00000000d3800000)
 Metaspace       used 53663K, capacity 55204K, committed 55552K, reserved 1097728K
  class space    used 6972K, capacity 7336K, committed 7424K, reserved 1048576K
GC Heap History (10 events):
Event: 36,565 GC heap after
Heap after GC invocations=43 (full 7):
 PSYoungGen      total 345600K, used 156013K [0x00000000e0000000, 0x0000000100000000, 0x0000000100000000)
  eden space 175104K, 0% used [0x00000000e0000000,0x00000000e0000000,0x00000000eab00000)
  from space 170496K, 91% used [0x00000000f5980000,0x00000000ff1db6f8,0x0000000100000000)
  to   space 174592K, 0% used [0x00000000eab00000,0x00000000eab00000,0x00000000f5580000)
 ParOldGen       total 843776K, used 593053K [0x00000000a0000000, 0x00000000d3800000, 0x00000000e0000000)
  object space 843776K, 70% used [0x00000000a0000000,0x00000000c43275e0,0x00000000d3800000)
 Metaspace       used 53660K, capacity 55204K, committed 55552K, reserved 1097728K
  class space    used 6972K, capacity 7336K, committed 7424K, reserved 1048576K
}
Event: 36,867 GC heap before
{Heap before GC invocations=44 (full 7):
 PSYoungGen      total 345600K, used 331117K [0x00000000e0000000, 0x0000000100000000, 0x0000000100000000)
  eden space 175104K, 100% used [0x00000000e0000000,0x00000000eab00000,0x00000000eab00000)
  from space 170496K, 91% used [0x00000000f5980000,0x00000000ff1db6f8,0x0000000100000000)
  to   space 174592K, 0% used [0x00000000eab00000,0x00000000eab00000,0x00000000f5580000)
 ParOldGen       total 843776K, used 593053K [0x00000000a0000000, 0x00000000d3800000, 0x00000000e0000000)
  object space 843776K, 70% used [0x00000000a0000000,0x00000000c43275e0,0x00000000d3800000)
 Metaspace       used 53662K, capacity 55204K, committed 55552K, reserved 1097728K
  class space    used 6972K, capacity 7336K, committed 7424K, reserved 1048576K
Event: 36,970 GC heap after
Heap after GC invocations=44 (full 7):
 PSYoungGen      total 349696K, used 149640K [0x00000000e0000000, 0x0000000100000000, 0x0000000100000000)
  eden space 175104K, 0% used [0x00000000e0000000,0x00000000e0000000,0x00000000eab00000)
  from space 174592K, 85% used [0x00000000eab00000,0x00000000f3d220b8,0x00000000f5580000)
  to   space 174592K, 0% used [0x00000000f5580000,0x00000000f5580000,0x0000000100000000)
 ParOldGen       total 843776K, used 624690K [0x00000000a0000000, 0x00000000d3800000, 0x00000000e0000000)
  object space 843776K, 74% used [0x00000000a0000000,0x00000000c620c9f0,0x00000000d3800000)
 Metaspace       used 53662K, capacity 55204K, committed 55552K, reserved 1097728K
  class space    used 6972K, capacity 7336K, committed 7424K, reserved 1048576K
}
Event: 37,293 GC heap before
{Heap before GC invocations=45 (full 7):
 PSYoungGen      total 349696K, used 324744K [0x00000000e0000000, 0x0000000100000000, 0x0000000100000000)
  eden space 175104K, 100% used [0x00000000e0000000,0x00000000eab00000,0x00000000eab00000)
  from space 174592K, 85% used [0x00000000eab00000,0x00000000f3d220b8,0x00000000f5580000)
  to   space 174592K, 0% used [0x00000000f5580000,0x00000000f5580000,0x0000000100000000)
 ParOldGen       total 843776K, used 624690K [0x00000000a0000000, 0x00000000d3800000, 0x00000000e0000000)
  object space 843776K, 74% used [0x00000000a0000000,0x00000000c620c9f0,0x00000000d3800000)
 Metaspace       used 53662K, capacity 55204K, committed 55552K, reserved 1097728K
  class space    used 6972K, capacity 7336K, committed 7424K, reserved 1048576K
Event: 37,391 GC heap after
Heap after GC invocations=45 (full 7):
 PSYoungGen      total 349696K, used 133057K [0x00000000e0000000, 0x0000000100000000, 0x0000000100000000)
  eden space 175104K, 0% used [0x00000000e0000000,0x00000000e0000000,0x00000000eab00000)
  from space 174592K, 76% used [0x00000000f5580000,0x00000000fd7706f8,0x0000000100000000)
  to   space 174592K, 0% used [0x00000000eab00000,0x00000000eab00000,0x00000000f5580000)
 ParOldGen       total 843776K, used 667953K [0x00000000a0000000, 0x00000000d3800000, 0x00000000e0000000)
  object space 843776K, 79% used [0x00000000a0000000,0x00000000c8c4c458,0x00000000d3800000)
 Metaspace       used 53662K, capacity 55204K, committed 55552K, reserved 1097728K
  class space    used 6972K, capacity 7336K, committed 7424K, reserved 1048576K
}
Event: 37,632 GC heap before
{Heap before GC invocations=46 (full 7):
 PSYoungGen      total 349696K, used 308161K [0x00000000e0000000, 0x0000000100000000, 0x0000000100000000)
  eden space 175104K, 100% used [0x00000000e0000000,0x00000000eab00000,0x00000000eab00000)
  from space 174592K, 76% used [0x00000000f5580000,0x00000000fd7706f8,0x0000000100000000)
  to   space 174592K, 0% used [0x00000000eab00000,0x00000000eab00000,0x00000000f5580000)
 ParOldGen       total 843776K, used 667953K [0x00000000a0000000, 0x00000000d3800000, 0x00000000e0000000)
  object space 843776K, 79% used [0x00000000a0000000,0x00000000c8c4c458,0x00000000d3800000)
 Metaspace       used 53662K, capacity 55204K, committed 55552K, reserved 1097728K
  class space    used 6972K, capacity 7336K, committed 7424K, reserved 1048576K
Event: 37,776 GC heap after
Heap after GC invocations=46 (full 7):
 PSYoungGen      total 349696K, used 108696K [0x00000000e0000000, 0x0000000100000000, 0x0000000100000000)
  eden space 175104K, 0% used [0x00000000e0000000,0x00000000e0000000,0x00000000eab00000)
  from space 174592K, 62% used [0x00000000eab00000,0x00000000f1526290,0x00000000f5580000)
  to   space 174592K, 0% used [0x00000000f5580000,0x00000000f5580000,0x0000000100000000)
 ParOldGen       total 843776K, used 722565K [0x00000000a0000000, 0x00000000d3800000, 0x00000000e0000000)
  object space 843776K, 85% used [0x00000000a0000000,0x00000000cc1a1510,0x00000000d3800000)
 Metaspace       used 53662K, capacity 55204K, committed 55552K, reserved 1097728K
  class space    used 6972K, capacity 7336K, committed 7424K, reserved 1048576K
}
Event: 38,048 GC heap before
{Heap before GC invocations=47 (full 7):
 PSYoungGen      total 349696K, used 283800K [0x00000000e0000000, 0x0000000100000000, 0x0000000100000000)
  eden space 175104K, 100% used [0x00000000e0000000,0x00000000eab00000,0x00000000eab00000)
  from space 174592K, 62% used [0x00000000eab00000,0x00000000f1526290,0x00000000f5580000)
  to   space 174592K, 0% used [0x00000000f5580000,0x00000000f5580000,0x0000000100000000)
 ParOldGen       total 843776K, used 722565K [0x00000000a0000000, 0x00000000d3800000, 0x00000000e0000000)
  object space 843776K, 85% used [0x00000000a0000000,0x00000000cc1a1510,0x00000000d3800000)
 Metaspace       used 53663K, capacity 55204K, committed 55552K, reserved 1097728K
  class space    used 6972K, capacity 7336K, committed 7424K, reserved 1048576K
Event: 38,144 GC heap after
Heap after GC invocations=47 (full 7):
 PSYoungGen      total 349696K, used 81695K [0x00000000e0000000, 0x0000000100000000, 0x0000000100000000)
  eden space 175104K, 0% used [0x00000000e0000000,0x00000000e0000000,0x00000000eab00000)
  from space 174592K, 46% used [0x00000000f5580000,0x00000000fa547fc8,0x0000000100000000)
  to   space 174592K, 0% used [0x00000000eab00000,0x00000000eab00000,0x00000000f5580000)
 ParOldGen       total 843776K, used 773967K [0x00000000a0000000, 0x00000000d3800000, 0x00000000e0000000)
  object space 843776K, 91% used [0x00000000a0000000,0x00000000cf3d3c38,0x00000000d3800000)
 Metaspace       used 53663K, capacity 55204K, committed 55552K, reserved 1097728K
  class space    used 6972K, capacity 7336K, committed 7424K, reserved 1048576K
}
Event: 38,144 GC heap before
{Heap before GC invocations=48 (full 8):
 PSYoungGen      total 349696K, used 81695K [0x00000000e0000000, 0x0000000100000000, 0x0000000100000000)
  eden space 175104K, 0% used [0x00000000e0000000,0x00000000e0000000,0x00000000eab00000)
  from space 174592K, 46% used [0x00000000f5580000,0x00000000fa547fc8,0x0000000100000000)
  to   space 174592K, 0% used [0x00000000eab00000,0x00000000eab00000,0x00000000f5580000)
 ParOldGen       total 843776K, used 773967K [0x00000000a0000000, 0x00000000d3800000, 0x00000000e0000000)
  object space 843776K, 91% used [0x00000000a0000000,0x00000000cf3d3c38,0x00000000d3800000)
 Metaspace       used 53663K, capacity 55204K, committed 55552K, reserved 1097728K
  class space    used 6972K, capacity 7336K, committed 7424K, reserved 1048576K

